  Main.cpp
c:\users\macbook d'alex\documents\projetcarte\projetcarte\projetcarte\joueur.h(8): error C2059: erreur de syntaxe : '{'
c:\users\macbook d'alex\documents\projetcarte\projetcarte\projetcarte\joueur.h(12): error C2065: 'Carte' : identificateur non déclaré
c:\users\macbook d'alex\documents\projetcarte\projetcarte\projetcarte\joueur.h(12): error C2923: 'std::vector' : 'Carte' n'est pas un argument de type modèle valide pour le paramètre '_Ty'
c:\users\macbook d'alex\documents\projetcarte\projetcarte\projetcarte\joueur.h(12): error C3203: 'allocator' : la classe modèle non spécialisée ne peut pas être utilisée comme argument modèle pour le paramètre modèle '_Alloc' ; type réel attendu
c:\users\macbook d'alex\documents\projetcarte\projetcarte\projetcarte\joueur.h(13): error C2065: 'Carte' : identificateur non déclaré
c:\users\macbook d'alex\documents\projetcarte\projetcarte\projetcarte\joueur.h(13): error C2923: 'std::stack' : 'Carte' n'est pas un argument de type modèle valide pour le paramètre '_Ty'
c:\users\macbook d'alex\documents\projetcarte\projetcarte\projetcarte\joueur.h(13): error C3203: 'deque' : la classe modèle non spécialisée ne peut pas être utilisée comme argument modèle pour le paramètre modèle '_Container' ; type réel attendu
c:\users\macbook d'alex\documents\projetcarte\projetcarte\projetcarte\joueur.h(16): error C2061: erreur de syntaxe : identificateur 'Carte'
c:\users\macbook d'alex\documents\projetcarte\projetcarte\projetcarte\joueur.h(17): error C2061: erreur de syntaxe : identificateur 'Carte'
c:\users\macbook d'alex\documents\projetcarte\projetcarte\projetcarte\main.cpp(6): error C2065: 'Creature' : identificateur non déclaré
c:\users\macbook d'alex\documents\projetcarte\projetcarte\projetcarte\main.cpp(6): error C2146: erreur de syntaxe : absence de ';' avant l'identificateur 'VIH'
c:\users\macbook d'alex\documents\projetcarte\projetcarte\projetcarte\main.cpp(6): error C3861: 'VIH' : identificateur introuvable
c:\users\macbook d'alex\documents\projetcarte\projetcarte\projetcarte\main.cpp(9): error C2065: 'Creature' : identificateur non déclaré
c:\users\macbook d'alex\documents\projetcarte\projetcarte\projetcarte\main.cpp(9): error C2146: erreur de syntaxe : absence de ';' avant l'identificateur 'hepatite'
c:\users\macbook d'alex\documents\projetcarte\projetcarte\projetcarte\main.cpp(9): error C3861: 'hepatite' : identificateur introuvable
c:\users\macbook d'alex\documents\projetcarte\projetcarte\projetcarte\main.cpp(12): error C2065: 'Energie' : identificateur non déclaré
c:\users\macbook d'alex\documents\projetcarte\projetcarte\projetcarte\main.cpp(12): error C2146: erreur de syntaxe : absence de ';' avant l'identificateur 'gene'
c:\users\macbook d'alex\documents\projetcarte\projetcarte\projetcarte\main.cpp(12): error C3861: 'gene' : identificateur introuvable
c:\users\macbook d'alex\documents\projetcarte\projetcarte\projetcarte\main.cpp(13): error C2065: 'VIH' : identificateur non déclaré
c:\users\macbook d'alex\documents\projetcarte\projetcarte\projetcarte\main.cpp(14): error C2065: 'hepatite' : identificateur non déclaré
c:\users\macbook d'alex\documents\projetcarte\projetcarte\projetcarte\main.cpp(15): error C2065: 'gene' : identificateur non déclaré
